\BOOKMARK [0][-]{chapter.1}{Introduction}{}% 1
\BOOKMARK [1][-]{section.1.1}{Motivation}{chapter.1}% 2
\BOOKMARK [1][-]{section.1.2}{Problem Formulation}{chapter.1}% 3
\BOOKMARK [1][-]{section.1.3}{Related Work}{chapter.1}% 4
\BOOKMARK [1][-]{section.1.4}{Overview of the Project}{chapter.1}% 5
\BOOKMARK [0][-]{chapter.2}{Preparation}{}% 6
\BOOKMARK [1][-]{section.2.1}{Requirements Analysis}{chapter.2}% 7
\BOOKMARK [1][-]{section.2.2}{Changes from the Initial Proposal}{chapter.2}% 8
\BOOKMARK [1][-]{section.2.3}{Starting Point - DEADLINE: 11TH APRIL}{chapter.2}% 9
\BOOKMARK [1][-]{section.2.4}{Introduction to Supervised Learning}{chapter.2}% 10
\BOOKMARK [1][-]{section.2.5}{Introduction to the Na\357ve Bayes Classifier}{chapter.2}% 11
\BOOKMARK [1][-]{section.2.6}{Introduction to Support Vector Machines}{chapter.2}% 12
\BOOKMARK [1][-]{section.2.7}{Introduction to Evaluating Supervised Learning Systems}{chapter.2}% 13
\BOOKMARK [2][-]{subsection.2.7.1}{Train/Test Split}{section.2.7}% 14
\BOOKMARK [2][-]{subsection.2.7.2}{Cross Validation}{section.2.7}% 15
\BOOKMARK [2][-]{subsection.2.7.3}{Evaluation Metrics}{section.2.7}% 16
\BOOKMARK [1][-]{section.2.8}{Introduction to the Bag-of-Words Model}{chapter.2}% 17
\BOOKMARK [1][-]{section.2.9}{Software Engineering Techniques}{chapter.2}% 18
\BOOKMARK [1][-]{section.2.10}{Choice of Tools}{chapter.2}% 19
\BOOKMARK [2][-]{subsection.2.10.1}{Programming Language}{section.2.10}% 20
\BOOKMARK [2][-]{subsection.2.10.2}{Database}{section.2.10}% 21
\BOOKMARK [2][-]{subsection.2.10.3}{Libraries}{section.2.10}% 22
\BOOKMARK [2][-]{subsection.2.10.4}{Development Environment}{section.2.10}% 23
\BOOKMARK [2][-]{subsection.2.10.5}{Table of Software Used}{section.2.10}% 24
\BOOKMARK [1][-]{section.2.11}{Summary - DEADLINE: 13TH APRIL}{chapter.2}% 25
\BOOKMARK [0][-]{chapter.3}{Implementation}{}% 26
\BOOKMARK [1][-]{section.3.1}{System Overview}{chapter.3}% 27
\BOOKMARK [1][-]{section.3.2}{Data Acquisition}{chapter.3}% 28
\BOOKMARK [2][-]{subsection.3.2.1}{Scraping Data}{section.3.2}% 29
\BOOKMARK [2][-]{subsection.3.2.2}{Wrangling Data}{section.3.2}% 30
\BOOKMARK [2][-]{subsection.3.2.3}{Labelling Data}{section.3.2}% 31
\BOOKMARK [2][-]{subsection.3.2.4}{Database - DEADLINE: 2ND MAY}{section.3.2}% 32
\BOOKMARK [1][-]{section.3.3}{Classifier}{chapter.3}% 33
\BOOKMARK [2][-]{subsection.3.3.1}{Constructing Features}{section.3.3}% 34
\BOOKMARK [2][-]{subsection.3.3.2}{Optimisations}{section.3.3}% 35
\BOOKMARK [1][-]{section.3.4}{Summary - DEADLINE: 4TH MAY}{chapter.3}% 36
\BOOKMARK [0][-]{chapter.4}{Evaluation}{}% 37
\BOOKMARK [1][-]{section.4.1}{Internal Evaluation}{chapter.4}% 38
\BOOKMARK [2][-]{subsection.4.1.1}{Manual Checks}{section.4.1}% 39
\BOOKMARK [2][-]{subsection.4.1.2}{Comparison of Optimisations}{section.4.1}% 40
\BOOKMARK [2][-]{subsection.4.1.3}{Baseline Comparison - DEADLINE: 7TH MAY}{section.4.1}% 41
\BOOKMARK [1][-]{section.4.2}{External Evaluation}{chapter.4}% 42
\BOOKMARK [2][-]{subsection.4.2.1}{Spam Email Dataset}{section.4.2}% 43
\BOOKMARK [2][-]{subsection.4.2.2}{Comparisons With Related Work}{section.4.2}% 44
\BOOKMARK [1][-]{section.4.3}{Evaluation of Project Goals}{chapter.4}% 45
\BOOKMARK [1][-]{section.4.4}{Summary - DEADLINE: 9TH MAY}{chapter.4}% 46
\BOOKMARK [0][-]{chapter.5}{Conclusions}{}% 47
\BOOKMARK [1][-]{section.5.1}{Achievements}{chapter.5}% 48
\BOOKMARK [1][-]{section.5.2}{Lessons Learned}{chapter.5}% 49
\BOOKMARK [1][-]{section.5.3}{Future Work - DEADLINE: 11TH MAY}{chapter.5}% 50
\BOOKMARK [0][-]{section.5.3}{Bibliography}{}% 51
\BOOKMARK [0][-]{appendix.A}{Project Proposal}{}% 52
