\BOOKMARK [0][-]{chapter.1}{Introduction}{}% 1
\BOOKMARK [1][-]{section.1.1}{Motivation}{chapter.1}% 2
\BOOKMARK [1][-]{section.1.2}{Corpora}{chapter.1}% 3
\BOOKMARK [2][-]{subsection.1.2.1}{Newspaper Dataset}{section.1.2}% 4
\BOOKMARK [2][-]{subsection.1.2.2}{Hansard}{section.1.2}% 5
\BOOKMARK [1][-]{section.1.3}{Challenges}{chapter.1}% 6
\BOOKMARK [1][-]{section.1.4}{Previous Work}{chapter.1}% 7
\BOOKMARK [0][-]{chapter.2}{Preparation}{}% 8
\BOOKMARK [1][-]{section.2.1}{Introduction to Supervised Learning}{chapter.2}% 9
\BOOKMARK [1][-]{section.2.2}{Introduction to the Na\357ve Bayes Classifier}{chapter.2}% 10
\BOOKMARK [1][-]{section.2.3}{Introduction to Support Vector Machines}{chapter.2}% 11
\BOOKMARK [1][-]{section.2.4}{Introduction to Evaluating Supervised Learning Systems}{chapter.2}% 12
\BOOKMARK [2][-]{subsection.2.4.1}{Train/Test Split}{section.2.4}% 13
\BOOKMARK [2][-]{subsection.2.4.2}{Cross Validation}{section.2.4}% 14
\BOOKMARK [2][-]{subsection.2.4.3}{Evaluation Metrics}{section.2.4}% 15
\BOOKMARK [1][-]{section.2.5}{Introduction to the Bag-of-Words Model}{chapter.2}% 16
\BOOKMARK [1][-]{section.2.6}{Introduction to the House of Commons}{chapter.2}% 17
\BOOKMARK [1][-]{section.2.7}{Spam Email Dataset - DEADLINE : 2ND APRIL}{chapter.2}% 18
\BOOKMARK [1][-]{section.2.8}{Requirements Analysis}{chapter.2}% 19
\BOOKMARK [1][-]{section.2.9}{Implementation Approach}{chapter.2}% 20
\BOOKMARK [1][-]{section.2.10}{Software Engineering Techniques}{chapter.2}% 21
\BOOKMARK [1][-]{section.2.11}{Choice of Tools}{chapter.2}% 22
\BOOKMARK [1][-]{section.2.12}{Starting Point}{chapter.2}% 23
\BOOKMARK [1][-]{section.2.13}{Summary - DEADLINE: 4TH APRIL}{chapter.2}% 24
\BOOKMARK [0][-]{chapter.3}{Implementation}{}% 25
\BOOKMARK [1][-]{section.3.1}{Data Scraper}{chapter.3}% 26
\BOOKMARK [1][-]{section.3.2}{Database - DEADLINE: 6TH APRIL}{chapter.3}% 27
\BOOKMARK [1][-]{section.3.3}{Classifier}{chapter.3}% 28
\BOOKMARK [1][-]{section.3.4}{Summary - DEADLINE: 11TH APRIL}{chapter.3}% 29
\BOOKMARK [0][-]{chapter.4}{Evaluation Code - DEADLINE: 16TH APRIL}{}% 30
\BOOKMARK [0][-]{chapter.5}{Evaluation}{}% 31
\BOOKMARK [1][-]{section.5.1}{Unit Testing}{chapter.5}% 32
\BOOKMARK [1][-]{section.5.2}{Internal Evaluation - DEADLINE: 18TH APRIL}{chapter.5}% 33
\BOOKMARK [1][-]{section.5.3}{External Evaluation}{chapter.5}% 34
\BOOKMARK [1][-]{section.5.4}{Evaluation of Project Goals}{chapter.5}% 35
\BOOKMARK [1][-]{section.5.5}{Summary - DEADLINE: 20TH APRIL}{chapter.5}% 36
\BOOKMARK [0][-]{chapter.6}{Conclusions}{}% 37
\BOOKMARK [1][-]{section.6.1}{Achievements}{chapter.6}% 38
\BOOKMARK [1][-]{section.6.2}{Lessons Learned}{chapter.6}% 39
\BOOKMARK [1][-]{section.6.3}{Future Work - DEADLINE: 23RD APRIL}{chapter.6}% 40
\BOOKMARK [0][-]{chapter.7}{Diagrams - DEADLINE: 25TH APRIL}{}% 41
\BOOKMARK [0][-]{chapter.7}{Bibliography}{}% 42
\BOOKMARK [0][-]{appendix.A}{Project Proposal}{}% 43
